2023-06-21 00:59:54.211 [INFO] [SpringApplicationShutdownHook] [651] Closing JPA EntityManagerFactory for persistence unit 'default'
2023-06-21 00:59:54.219 [INFO] [SpringApplicationShutdownHook] [350] HikariPool-1 - Shutdown initiated...
2023-06-21 00:59:54.222 [INFO] [SpringApplicationShutdownHook] [352] HikariPool-1 - Shutdown completed.
2023-06-21 00:59:57.619 [INFO] [restartedMain] [55] Starting Application using Java 17.0.6 on LAPTOP-PATF7J21 with PID 13384 (C:\sts4-workspace\CHA101G4-Jamigo\target\classes started by Tibame_T14 in C:\sts4-workspace\CHA101G4-Jamigo)
2023-06-21 00:59:57.621 [DEBUG] [restartedMain] [56] Running with Spring Boot v2.7.12, Spring v5.3.27
2023-06-21 00:59:57.621 [INFO] [restartedMain] [631] No active profile set, falling back to 1 default profile: "default"
2023-06-21 00:59:57.679 [INFO] [restartedMain] [255] Devtools property defaults active! Set 'spring.devtools.add-properties' to 'false' to disable
2023-06-21 00:59:57.679 [INFO] [restartedMain] [255] For additional web related logging consider setting the 'logging.level.web' property to 'DEBUG'
2023-06-21 00:59:58.417 [INFO] [restartedMain] [262] Multiple Spring Data modules found, entering strict repository configuration mode
2023-06-21 00:59:58.419 [INFO] [restartedMain] [132] Bootstrapping Spring Data JPA repositories in DEFAULT mode.
2023-06-21 00:59:58.555 [INFO] [restartedMain] [201] Finished Spring Data repository scanning in 128 ms. Found 4 JPA repository interfaces.
2023-06-21 00:59:58.568 [INFO] [restartedMain] [262] Multiple Spring Data modules found, entering strict repository configuration mode
2023-06-21 00:59:58.569 [INFO] [restartedMain] [132] Bootstrapping Spring Data Redis repositories in DEFAULT mode.
2023-06-21 00:59:58.585 [INFO] [restartedMain] [349] Spring Data Redis - Could not safely identify store assignment for repository candidate interface com.jamigo.member.member_level.dao.MemberLevelDetailRepository; If you want this repository to be a Redis repository, consider annotating your entities with one of these annotations: org.springframework.data.redis.core.RedisHash (preferred), or consider extending one of the following types with your repository: org.springframework.data.keyvalue.repository.KeyValueRepository
2023-06-21 00:59:58.586 [INFO] [restartedMain] [349] Spring Data Redis - Could not safely identify store assignment for repository candidate interface com.jamigo.shop.cart.repo.CartRepository; If you want this repository to be a Redis repository, consider annotating your entities with one of these annotations: org.springframework.data.redis.core.RedisHash (preferred), or consider extending one of the following types with your repository: org.springframework.data.keyvalue.repository.KeyValueRepository
2023-06-21 00:59:58.587 [INFO] [restartedMain] [349] Spring Data Redis - Could not safely identify store assignment for repository candidate interface com.jamigo.shop.platform_order.repo.PlatformOrderRepository; If you want this repository to be a Redis repository, consider annotating your entities with one of these annotations: org.springframework.data.redis.core.RedisHash (preferred), or consider extending one of the following types with your repository: org.springframework.data.keyvalue.repository.KeyValueRepository
2023-06-21 00:59:58.587 [INFO] [restartedMain] [349] Spring Data Redis - Could not safely identify store assignment for repository candidate interface com.jamigo.shop.product_picture.repo.ProductPictureRepository; If you want this repository to be a Redis repository, consider annotating your entities with one of these annotations: org.springframework.data.redis.core.RedisHash (preferred), or consider extending one of the following types with your repository: org.springframework.data.keyvalue.repository.KeyValueRepository
2023-06-21 00:59:58.587 [INFO] [restartedMain] [201] Finished Spring Data repository scanning in 12 ms. Found 0 Redis repository interfaces.
2023-06-21 00:59:59.107 [INFO] [restartedMain] [108] Tomcat initialized with port(s): 8080 (http)
2023-06-21 00:59:59.114 [INFO] [restartedMain] [173] Starting service [Tomcat]
2023-06-21 00:59:59.114 [INFO] [restartedMain] [173] Starting Servlet engine: [Apache Tomcat/9.0.75]
2023-06-21 00:59:59.295 [INFO] [restartedMain] [173] At least one JAR was scanned for TLDs yet contained no TLDs. Enable debug logging for this logger for a complete list of JARs that were scanned but no TLDs were found in them. Skipping unneeded JARs during scanning can improve startup time and JSP compilation time.
2023-06-21 00:59:59.304 [INFO] [restartedMain] [173] Initializing Spring embedded WebApplicationContext
2023-06-21 00:59:59.304 [INFO] [restartedMain] [292] Root WebApplicationContext: initialization completed in 1624 ms
2023-06-21 00:59:59.457 [INFO] [restartedMain] [110] HikariPool-1 - Starting...
2023-06-21 00:59:59.711 [INFO] [restartedMain] [123] HikariPool-1 - Start completed.
2023-06-21 00:59:59.766 [INFO] [restartedMain] [31] HHH000204: Processing PersistenceUnitInfo [name: default]
2023-06-21 00:59:59.815 [INFO] [restartedMain] [44] HHH000412: Hibernate ORM core version 5.6.15.Final
2023-06-21 00:59:59.996 [INFO] [restartedMain] [56] HCANN000001: Hibernate Commons Annotations {5.1.2.Final}
2023-06-21 01:00:00.123 [INFO] [restartedMain] [175] HHH000400: Using dialect: org.hibernate.dialect.MySQLDialect
2023-06-21 01:00:00.682 [INFO] [restartedMain] [52] HHH000490: Using JtaPlatform implementation: [org.hibernate.engine.transaction.jta.platform.internal.NoJtaPlatform]
2023-06-21 01:00:00.691 [INFO] [restartedMain] [437] Initialized JPA EntityManagerFactory for persistence unit 'default'
2023-06-21 01:00:01.135 [WARN] [restartedMain] [223] spring.jpa.open-in-view is enabled by default. Therefore, database queries may be performed during view rendering. Explicitly configure spring.jpa.open-in-view to disable this warning
2023-06-21 01:00:01.738 [WARN] [restartedMain] [65] Cannot find template location(s): [classpath:/templates/] (please add some templates, check your FreeMarker configuration, or set spring.freemarker.check-template-location=false)
2023-06-21 01:00:01.763 [WARN] [restartedMain] [103] Cannot find template location: classpath:/templates/ (please add some templates, check your Thymeleaf configuration, or set spring.thymeleaf.check-template-location=false)
2023-06-21 01:00:01.861 [INFO] [restartedMain] [59] LiveReload server is running on port 35729
2023-06-21 01:00:01.908 [INFO] [restartedMain] [220] Tomcat started on port(s): 8080 (http) with context path '/Jamigo'
2023-06-21 01:00:01.920 [INFO] [restartedMain] [61] Started Application in 4.731 seconds (JVM running for 5.418)
2023-06-21 01:00:07.128 [INFO] [http-nio-8080-exec-1] [173] Initializing Spring DispatcherServlet 'dispatcherServlet'
2023-06-21 01:00:07.128 [INFO] [http-nio-8080-exec-1] [525] Initializing Servlet 'dispatcherServlet'
2023-06-21 01:00:07.130 [INFO] [http-nio-8080-exec-1] [547] Completed initialization in 1 ms
2023-06-21 01:05:38.740 [INFO] [SpringApplicationShutdownHook] [651] Closing JPA EntityManagerFactory for persistence unit 'default'
2023-06-21 01:05:38.743 [INFO] [SpringApplicationShutdownHook] [350] HikariPool-1 - Shutdown initiated...
2023-06-21 01:05:38.748 [INFO] [SpringApplicationShutdownHook] [352] HikariPool-1 - Shutdown completed.
2023-06-21 01:05:43.086 [INFO] [restartedMain] [55] Starting Application using Java 17.0.6 on LAPTOP-PATF7J21 with PID 17524 (C:\sts4-workspace\CHA101G4-Jamigo\target\classes started by Tibame_T14 in C:\sts4-workspace\CHA101G4-Jamigo)
2023-06-21 01:05:43.087 [DEBUG] [restartedMain] [56] Running with Spring Boot v2.7.12, Spring v5.3.27
2023-06-21 01:05:43.088 [INFO] [restartedMain] [631] No active profile set, falling back to 1 default profile: "default"
2023-06-21 01:05:43.130 [INFO] [restartedMain] [255] Devtools property defaults active! Set 'spring.devtools.add-properties' to 'false' to disable
2023-06-21 01:05:43.130 [INFO] [restartedMain] [255] For additional web related logging consider setting the 'logging.level.web' property to 'DEBUG'
2023-06-21 01:05:43.711 [INFO] [restartedMain] [262] Multiple Spring Data modules found, entering strict repository configuration mode
2023-06-21 01:05:43.713 [INFO] [restartedMain] [132] Bootstrapping Spring Data JPA repositories in DEFAULT mode.
2023-06-21 01:05:43.848 [INFO] [restartedMain] [201] Finished Spring Data repository scanning in 130 ms. Found 4 JPA repository interfaces.
2023-06-21 01:05:43.861 [INFO] [restartedMain] [262] Multiple Spring Data modules found, entering strict repository configuration mode
2023-06-21 01:05:43.862 [INFO] [restartedMain] [132] Bootstrapping Spring Data Redis repositories in DEFAULT mode.
2023-06-21 01:05:43.878 [INFO] [restartedMain] [349] Spring Data Redis - Could not safely identify store assignment for repository candidate interface com.jamigo.member.member_level.dao.MemberLevelDetailRepository; If you want this repository to be a Redis repository, consider annotating your entities with one of these annotations: org.springframework.data.redis.core.RedisHash (preferred), or consider extending one of the following types with your repository: org.springframework.data.keyvalue.repository.KeyValueRepository
2023-06-21 01:05:43.879 [INFO] [restartedMain] [349] Spring Data Redis - Could not safely identify store assignment for repository candidate interface com.jamigo.shop.cart.repo.CartRepository; If you want this repository to be a Redis repository, consider annotating your entities with one of these annotations: org.springframework.data.redis.core.RedisHash (preferred), or consider extending one of the following types with your repository: org.springframework.data.keyvalue.repository.KeyValueRepository
2023-06-21 01:05:43.880 [INFO] [restartedMain] [349] Spring Data Redis - Could not safely identify store assignment for repository candidate interface com.jamigo.shop.platform_order.repo.PlatformOrderRepository; If you want this repository to be a Redis repository, consider annotating your entities with one of these annotations: org.springframework.data.redis.core.RedisHash (preferred), or consider extending one of the following types with your repository: org.springframework.data.keyvalue.repository.KeyValueRepository
2023-06-21 01:05:43.881 [INFO] [restartedMain] [349] Spring Data Redis - Could not safely identify store assignment for repository candidate interface com.jamigo.shop.product_picture.repo.ProductPictureRepository; If you want this repository to be a Redis repository, consider annotating your entities with one of these annotations: org.springframework.data.redis.core.RedisHash (preferred), or consider extending one of the following types with your repository: org.springframework.data.keyvalue.repository.KeyValueRepository
2023-06-21 01:05:43.881 [INFO] [restartedMain] [201] Finished Spring Data repository scanning in 13 ms. Found 0 Redis repository interfaces.
2023-06-21 01:05:44.395 [INFO] [restartedMain] [108] Tomcat initialized with port(s): 8080 (http)
2023-06-21 01:05:44.403 [INFO] [restartedMain] [173] Starting service [Tomcat]
2023-06-21 01:05:44.403 [INFO] [restartedMain] [173] Starting Servlet engine: [Apache Tomcat/9.0.75]
2023-06-21 01:05:44.580 [INFO] [restartedMain] [173] At least one JAR was scanned for TLDs yet contained no TLDs. Enable debug logging for this logger for a complete list of JARs that were scanned but no TLDs were found in them. Skipping unneeded JARs during scanning can improve startup time and JSP compilation time.
2023-06-21 01:05:44.587 [INFO] [restartedMain] [173] Initializing Spring embedded WebApplicationContext
2023-06-21 01:05:44.587 [INFO] [restartedMain] [292] Root WebApplicationContext: initialization completed in 1456 ms
2023-06-21 01:05:44.708 [INFO] [restartedMain] [110] HikariPool-1 - Starting...
2023-06-21 01:05:44.927 [INFO] [restartedMain] [123] HikariPool-1 - Start completed.
2023-06-21 01:05:44.970 [INFO] [restartedMain] [31] HHH000204: Processing PersistenceUnitInfo [name: default]
2023-06-21 01:05:45.009 [INFO] [restartedMain] [44] HHH000412: Hibernate ORM core version 5.6.15.Final
2023-06-21 01:05:45.150 [INFO] [restartedMain] [56] HCANN000001: Hibernate Commons Annotations {5.1.2.Final}
2023-06-21 01:05:45.247 [INFO] [restartedMain] [175] HHH000400: Using dialect: org.hibernate.dialect.MySQLDialect
2023-06-21 01:05:45.764 [INFO] [restartedMain] [52] HHH000490: Using JtaPlatform implementation: [org.hibernate.engine.transaction.jta.platform.internal.NoJtaPlatform]
2023-06-21 01:05:45.773 [INFO] [restartedMain] [437] Initialized JPA EntityManagerFactory for persistence unit 'default'
2023-06-21 01:05:46.146 [WARN] [restartedMain] [223] spring.jpa.open-in-view is enabled by default. Therefore, database queries may be performed during view rendering. Explicitly configure spring.jpa.open-in-view to disable this warning
2023-06-21 01:05:46.704 [WARN] [restartedMain] [65] Cannot find template location(s): [classpath:/templates/] (please add some templates, check your FreeMarker configuration, or set spring.freemarker.check-template-location=false)
2023-06-21 01:05:46.726 [WARN] [restartedMain] [103] Cannot find template location: classpath:/templates/ (please add some templates, check your Thymeleaf configuration, or set spring.thymeleaf.check-template-location=false)
2023-06-21 01:05:46.810 [INFO] [restartedMain] [59] LiveReload server is running on port 35729
2023-06-21 01:05:46.848 [INFO] [restartedMain] [220] Tomcat started on port(s): 8080 (http) with context path '/Jamigo'
2023-06-21 01:05:46.857 [INFO] [restartedMain] [61] Started Application in 4.088 seconds (JVM running for 4.657)
2023-06-21 01:05:50.383 [INFO] [http-nio-8080-exec-1] [173] Initializing Spring DispatcherServlet 'dispatcherServlet'
2023-06-21 01:05:50.383 [INFO] [http-nio-8080-exec-1] [525] Initializing Servlet 'dispatcherServlet'
2023-06-21 01:05:50.384 [INFO] [http-nio-8080-exec-1] [547] Completed initialization in 1 ms
2023-06-21 01:38:40.555 [INFO] [SpringApplicationShutdownHook] [651] Closing JPA EntityManagerFactory for persistence unit 'default'
2023-06-21 01:38:40.557 [INFO] [SpringApplicationShutdownHook] [350] HikariPool-1 - Shutdown initiated...
2023-06-21 01:38:40.560 [INFO] [SpringApplicationShutdownHook] [352] HikariPool-1 - Shutdown completed.
